This mapping 'snapshot_20171003' was designed for MC 1.12! Use at your own peril.This mapping 'snapshot_20171003' was designed for MC 1.12! Use at your own peril.

#################################################
         ForgeGradle 2.3-SNAPSHOT-27b9d44        
  https://github.com/MinecraftForge/ForgeGradle  
#################################################
                 Powered by MCP                  
             http://modcoderpack.com             
     by: Searge, ProfMobius, R4wk, ZeuX          
     Fesh0r, IngisKahn, bspkrs, LexManos         
#################################################
:deobfCompileDummyTask
:deobfProvidedDummyTask
:sourceApiJava UP-TO-DATE
:compileApiJava UP-TO-DATE
:processApiResources UP-TO-DATE
:apiClasses UP-TO-DATE
:sourceMainJava
:compileJavaC:\Users\Administrator\Documents\GitHub\MythoCraft\Master4429 Mod Files\MinecraftForgeGradle\build\sources\main\java\com\hassam\mythocraft\Main.java:30: error: ';' expected
	public static CreativeTabs MythoCraftItems = new MythoCraftItemsTab("MythoCraft Materials")
	                                                                                           ^
C:\Users\Administrator\Documents\GitHub\MythoCraft\Master4429 Mod Files\MinecraftForgeGradle\build\sources\main\java\com\hassam\mythocraft\Main.java:34: error: class, interface, or enum expected
	public static void preInit(FMLPreInitializationEvent event) {
	              ^
C:\Users\Administrator\Documents\GitHub\MythoCraft\Master4429 Mod Files\MinecraftForgeGradle\build\sources\main\java\com\hassam\mythocraft\Main.java:39: error: class, interface, or enum expected
	public static void init(FMLInitializationEvent event) {
	              ^
C:\Users\Administrator\Documents\GitHub\MythoCraft\Master4429 Mod Files\MinecraftForgeGradle\build\sources\main\java\com\hassam\mythocraft\Main.java:44: error: class, interface, or enum expected
	public static void postInit(FMLPostInitializationEvent event) {
	              ^
4 errors
 FAILED

FAILURE: Build failed with an exception.

* What went wrong:
Execution failed for task ':compileJava'.
> Compilation failed; see the compiler error output for details.

* Try:
Run with --stacktrace option to get the stack trace. Run with --info or --debug option to get more log output.

BUILD FAILED

Total time: 13.783 secs
